{"name":"hexo","hostname":"PCW","pid":1652,"level":20,"msg":"Hexo version: 3.7.1","time":"2018-08-15T05:15:59.903Z","v":0}
{"name":"hexo","hostname":"PCW","pid":1652,"level":20,"msg":"Working directory: D:\\my blog\\hexo\\13647037023.github.io\\","time":"2018-08-15T05:15:59.906Z","v":0}
{"name":"hexo","hostname":"PCW","pid":1652,"level":20,"msg":"Config loaded: D:\\my blog\\hexo\\13647037023.github.io\\_config.yml","time":"2018-08-15T05:16:01.367Z","v":0}
{"name":"hexo","hostname":"PCW","pid":1652,"level":20,"msg":"Plugin loaded: hexo-deployer-git","time":"2018-08-15T05:16:02.434Z","v":0}
{"name":"hexo","hostname":"PCW","pid":1652,"level":20,"msg":"Plugin loaded: hexo-generator-index","time":"2018-08-15T05:16:02.733Z","v":0}
{"name":"hexo","hostname":"PCW","pid":1652,"level":20,"msg":"Plugin loaded: hexo-generator-category","time":"2018-08-15T05:16:02.740Z","v":0}
{"name":"hexo","hostname":"PCW","pid":1652,"level":20,"msg":"Plugin loaded: hexo-generator-archive","time":"2018-08-15T05:16:03.210Z","v":0}
{"name":"hexo","hostname":"PCW","pid":1652,"level":20,"msg":"Plugin loaded: hexo-generator-tag","time":"2018-08-15T05:16:03.417Z","v":0}
{"name":"hexo","hostname":"PCW","pid":1652,"level":20,"msg":"Plugin loaded: hexo-renderer-ejs","time":"2018-08-15T05:16:03.967Z","v":0}
{"name":"hexo","hostname":"PCW","pid":1652,"level":20,"msg":"Plugin loaded: hexo-renderer-stylus","time":"2018-08-15T05:16:03.973Z","v":0}
{"name":"hexo","hostname":"PCW","pid":1652,"level":20,"msg":"Plugin loaded: hexo-renderer-marked","time":"2018-08-15T05:16:04.183Z","v":0}
{"name":"hexo","hostname":"PCW","pid":1652,"level":20,"msg":"Plugin loaded: hexo-server","time":"2018-08-15T05:16:07.737Z","v":0}
{"name":"hexo","hostname":"PCW","pid":1652,"level":20,"msg":"Plugin loaded: hexo-generator-json-content","time":"2018-08-15T05:16:09.618Z","v":0}
{"name":"hexo","hostname":"PCW","pid":1652,"level":20,"msg":"Loading database.","time":"2018-08-15T05:16:09.656Z","v":0}
{"name":"hexo","hostname":"PCW","pid":1652,"level":30,"msg":"Start processing","time":"2018-08-15T05:16:09.712Z","v":0}
{"name":"hexo","hostname":"PCW","pid":1652,"level":20,"msg":"Processed: CNAME","time":"2018-08-15T05:16:10.906Z","v":0}
{"name":"hexo","hostname":"PCW","pid":1652,"level":20,"msg":"Processed: debug.log","time":"2018-08-15T05:16:10.906Z","v":0}
{"name":"hexo","hostname":"PCW","pid":1652,"level":20,"msg":"Processed: image/表空间.png","time":"2018-08-15T05:16:11.546Z","v":0}
{"name":"hexo","hostname":"PCW","pid":1652,"level":20,"msg":"Processed: source/main.0cf68a.css","time":"2018-08-15T05:16:11.555Z","v":0}
{"name":"hexo","hostname":"PCW","pid":1652,"level":20,"msg":"Processed: source/slider.e37972.js","time":"2018-08-15T05:16:11.559Z","v":0}
{"name":"hexo","hostname":"PCW","pid":1652,"level":20,"msg":"Processed: source/main.0cf68a.js","time":"2018-08-15T05:16:11.923Z","v":0}
{"name":"hexo","hostname":"PCW","pid":1652,"level":20,"msg":"Processed: source/mobile.992cbe.js","time":"2018-08-15T05:16:11.924Z","v":0}
{"name":"hexo","hostname":"PCW","pid":1652,"level":20,"msg":"Processed: source/fonts/default-skin.b257fa.svg","time":"2018-08-15T05:16:12.109Z","v":0}
{"name":"hexo","hostname":"PCW","pid":1652,"level":20,"msg":"Processed: source/fonts/iconfont.45d7ee.svg","time":"2018-08-15T05:16:12.109Z","v":0}
{"name":"hexo","hostname":"PCW","pid":1652,"level":20,"msg":"Processed: source/fonts/tooltip.4004ff.svg","time":"2018-08-15T05:16:12.110Z","v":0}
{"name":"hexo","hostname":"PCW","pid":1652,"level":20,"msg":"Processed: source/img/default-skin.png","time":"2018-08-15T05:16:12.111Z","v":0}
{"name":"hexo","hostname":"PCW","pid":1652,"level":20,"msg":"Processed: source/fonts/iconfont.b322fa.eot","time":"2018-08-15T05:16:12.111Z","v":0}
{"name":"hexo","hostname":"PCW","pid":1652,"level":20,"msg":"Processed: source/fonts/iconfont.8c627f.woff","time":"2018-08-15T05:16:12.112Z","v":0}
{"name":"hexo","hostname":"PCW","pid":1652,"level":20,"msg":"Processed: source/img/preloader.gif","time":"2018-08-15T05:16:12.112Z","v":0}
{"name":"hexo","hostname":"PCW","pid":1652,"level":20,"msg":"Processed: source/img/scrollbar_arrow.png","time":"2018-08-15T05:16:12.113Z","v":0}
{"name":"hexo","hostname":"PCW","pid":1652,"level":20,"msg":"Processed: source/fonts/iconfont.16acc2.ttf","time":"2018-08-15T05:16:12.117Z","v":0}
{"name":"hexo","hostname":"PCW","pid":1652,"level":20,"msg":"Processed: image/flo.jpg","time":"2018-08-15T05:16:12.121Z","v":0}
{"name":"hexo","hostname":"PCW","pid":1652,"level":20,"msg":"Theme config loaded.","time":"2018-08-15T05:16:12.181Z","v":0}
{"name":"hexo","hostname":"PCW","pid":1652,"level":20,"msg":"Processed: _config.yml","time":"2018-08-15T05:16:12.181Z","v":0}
{"name":"hexo","hostname":"PCW","pid":1652,"level":20,"msg":"Processed: suibi/index.md","time":"2018-08-15T05:16:12.212Z","v":0}
{"name":"hexo","hostname":"PCW","pid":1652,"level":20,"msg":"Processed: _posts/C数据类型与printf()输出.md","time":"2018-08-15T05:16:12.219Z","v":0}
{"name":"hexo","hostname":"PCW","pid":1652,"level":20,"msg":"Processed: _posts/Linux文件编辑命令.md","time":"2018-08-15T05:16:12.223Z","v":0}
{"name":"hexo","hostname":"PCW","pid":1652,"level":20,"msg":"Processed: _posts/长连接和短连接.md","time":"2018-08-15T05:16:12.223Z","v":0}
{"name":"hexo","hostname":"PCW","pid":1652,"level":20,"msg":"Processed: layout/archive.ejs","time":"2018-08-15T05:16:12.230Z","v":0}
{"name":"hexo","hostname":"PCW","pid":1652,"level":20,"msg":"Processed: layout/category.ejs","time":"2018-08-15T05:16:12.231Z","v":0}
{"name":"hexo","hostname":"PCW","pid":1652,"level":20,"msg":"Processed: layout/layout.ejs","time":"2018-08-15T05:16:12.231Z","v":0}
{"name":"hexo","hostname":"PCW","pid":1652,"level":20,"msg":"Processed: layout/index.ejs","time":"2018-08-15T05:16:12.231Z","v":0}
{"name":"hexo","hostname":"PCW","pid":1652,"level":20,"msg":"Processed: layout/page.ejs","time":"2018-08-15T05:16:12.231Z","v":0}
{"name":"hexo","hostname":"PCW","pid":1652,"level":20,"msg":"Processed: layout/post.ejs","time":"2018-08-15T05:16:12.231Z","v":0}
{"name":"hexo","hostname":"PCW","pid":1652,"level":20,"msg":"Processed: layout/tag.ejs","time":"2018-08-15T05:16:12.231Z","v":0}
{"name":"hexo","hostname":"PCW","pid":1652,"level":20,"msg":"Processed: languages/default.yml","time":"2018-08-15T05:16:12.240Z","v":0}
{"name":"hexo","hostname":"PCW","pid":1652,"level":20,"msg":"Processed: languages/fr.yml","time":"2018-08-15T05:16:12.240Z","v":0}
{"name":"hexo","hostname":"PCW","pid":1652,"level":20,"msg":"Processed: languages/nl.yml","time":"2018-08-15T05:16:12.240Z","v":0}
{"name":"hexo","hostname":"PCW","pid":1652,"level":20,"msg":"Processed: languages/no.yml","time":"2018-08-15T05:16:12.240Z","v":0}
{"name":"hexo","hostname":"PCW","pid":1652,"level":20,"msg":"Processed: languages/ru.yml","time":"2018-08-15T05:16:12.240Z","v":0}
{"name":"hexo","hostname":"PCW","pid":1652,"level":20,"msg":"Processed: languages/zh-tw.yml","time":"2018-08-15T05:16:12.240Z","v":0}
{"name":"hexo","hostname":"PCW","pid":1652,"level":20,"msg":"Processed: languages/zh-CN.yml","time":"2018-08-15T05:16:12.240Z","v":0}
{"name":"hexo","hostname":"PCW","pid":1652,"level":20,"msg":"Processed: _posts/区块链初涉.md","time":"2018-08-15T05:16:12.242Z","v":0}
{"name":"hexo","hostname":"PCW","pid":1652,"level":20,"msg":"Processed: layout/_partial/toc.ejs","time":"2018-08-15T05:16:12.246Z","v":0}
{"name":"hexo","hostname":"PCW","pid":1652,"level":20,"msg":"Processed: source/img/flo.jpg","time":"2018-08-15T05:16:12.257Z","v":0}
{"name":"hexo","hostname":"PCW","pid":1652,"level":20,"msg":"Processed: _posts/Oracle学习.md","time":"2018-08-15T05:16:12.257Z","v":0}
{"name":"hexo","hostname":"PCW","pid":1652,"level":20,"msg":"Processed: _posts/gcc参数.md","time":"2018-08-15T05:16:12.259Z","v":0}
{"name":"hexo","hostname":"PCW","pid":1652,"level":20,"msg":"Processed: layout/_partial/after-footer.ejs","time":"2018-08-15T05:16:12.268Z","v":0}
{"name":"hexo","hostname":"PCW","pid":1652,"level":20,"msg":"Processed: layout/_partial/baidu-analytics.ejs","time":"2018-08-15T05:16:12.268Z","v":0}
{"name":"hexo","hostname":"PCW","pid":1652,"level":20,"msg":"Processed: layout/_partial/archive-post.ejs","time":"2018-08-15T05:16:12.269Z","v":0}
{"name":"hexo","hostname":"PCW","pid":1652,"level":20,"msg":"Processed: layout/_partial/archive.ejs","time":"2018-08-15T05:16:12.269Z","v":0}
{"name":"hexo","hostname":"PCW","pid":1652,"level":20,"msg":"Processed: layout/_partial/css.ejs","time":"2018-08-15T05:16:12.269Z","v":0}
{"name":"hexo","hostname":"PCW","pid":1652,"level":20,"msg":"Processed: layout/_partial/aside.ejs","time":"2018-08-15T05:16:12.269Z","v":0}
{"name":"hexo","hostname":"PCW","pid":1652,"level":20,"msg":"Processed: layout/_partial/footer.ejs","time":"2018-08-15T05:16:12.269Z","v":0}
{"name":"hexo","hostname":"PCW","pid":1652,"level":20,"msg":"Processed: layout/_partial/google-analytics.ejs","time":"2018-08-15T05:16:12.269Z","v":0}
{"name":"hexo","hostname":"PCW","pid":1652,"level":20,"msg":"Processed: layout/_partial/head.ejs","time":"2018-08-15T05:16:12.269Z","v":0}
{"name":"hexo","hostname":"PCW","pid":1652,"level":20,"msg":"Processed: layout/_partial/header.ejs","time":"2018-08-15T05:16:12.269Z","v":0}
{"name":"hexo","hostname":"PCW","pid":1652,"level":20,"msg":"Processed: layout/_partial/mathjax.ejs","time":"2018-08-15T05:16:12.269Z","v":0}
{"name":"hexo","hostname":"PCW","pid":1652,"level":20,"msg":"Processed: layout/_partial/article.ejs","time":"2018-08-15T05:16:12.269Z","v":0}
{"name":"hexo","hostname":"PCW","pid":1652,"level":20,"msg":"Processed: layout/_partial/left-col.ejs","time":"2018-08-15T05:16:12.269Z","v":0}
{"name":"hexo","hostname":"PCW","pid":1652,"level":20,"msg":"Processed: layout/_partial/mobile-nav.ejs","time":"2018-08-15T05:16:12.269Z","v":0}
{"name":"hexo","hostname":"PCW","pid":1652,"level":20,"msg":"Processed: layout/_partial/tools.ejs","time":"2018-08-15T05:16:12.269Z","v":0}
{"name":"hexo","hostname":"PCW","pid":1652,"level":20,"msg":"Processed: layout/_partial/viewer.ejs","time":"2018-08-15T05:16:12.269Z","v":0}
{"name":"hexo","hostname":"PCW","pid":1652,"level":20,"msg":"Processed: _posts/EFL.md","time":"2018-08-15T05:16:12.273Z","v":0}
{"name":"hexo","hostname":"PCW","pid":1652,"level":20,"msg":"Processed: layout/_partial/post/changyan.ejs","time":"2018-08-15T05:16:12.277Z","v":0}
{"name":"hexo","hostname":"PCW","pid":1652,"level":20,"msg":"Processed: layout/_partial/post/date.ejs","time":"2018-08-15T05:16:12.277Z","v":0}
{"name":"hexo","hostname":"PCW","pid":1652,"level":20,"msg":"Processed: layout/_partial/post/category.ejs","time":"2018-08-15T05:16:12.277Z","v":0}
{"name":"hexo","hostname":"PCW","pid":1652,"level":20,"msg":"Processed: layout/_partial/post/duoshuo.ejs","time":"2018-08-15T05:16:12.277Z","v":0}
{"name":"hexo","hostname":"PCW","pid":1652,"level":20,"msg":"Processed: layout/_partial/post/nav.ejs","time":"2018-08-15T05:16:12.277Z","v":0}
{"name":"hexo","hostname":"PCW","pid":1652,"level":20,"msg":"Processed: layout/_partial/post/share.ejs","time":"2018-08-15T05:16:12.277Z","v":0}
{"name":"hexo","hostname":"PCW","pid":1652,"level":20,"msg":"Processed: layout/_partial/post/wangyiyun.ejs","time":"2018-08-15T05:16:12.277Z","v":0}
{"name":"hexo","hostname":"PCW","pid":1652,"level":20,"msg":"Processed: layout/_partial/post/gitment.ejs","time":"2018-08-15T05:16:12.277Z","v":0}
{"name":"hexo","hostname":"PCW","pid":1652,"level":20,"msg":"Processed: layout/_partial/post/tag.ejs","time":"2018-08-15T05:16:12.277Z","v":0}
{"name":"hexo","hostname":"PCW","pid":1652,"level":20,"msg":"Processed: layout/_partial/post/title.ejs","time":"2018-08-15T05:16:12.278Z","v":0}
{"name":"hexo","hostname":"PCW","pid":1652,"level":20,"msg":"Processed: _posts/makefile学习.md","time":"2018-08-15T05:16:12.285Z","v":0}
{"name":"hexo","hostname":"PCW","pid":1652,"level":20,"msg":"Processed: layout/_partial/script.ejs","time":"2018-08-15T05:16:12.293Z","v":0}
{"name":"hexo","hostname":"PCW","pid":1652,"level":20,"msg":"Generator: page","time":"2018-08-15T05:16:25.163Z","v":0}
{"name":"hexo","hostname":"PCW","pid":1652,"level":20,"msg":"Generator: post","time":"2018-08-15T05:16:25.163Z","v":0}
{"name":"hexo","hostname":"PCW","pid":1652,"level":20,"msg":"Generator: index","time":"2018-08-15T05:16:25.164Z","v":0}
{"name":"hexo","hostname":"PCW","pid":1652,"level":20,"msg":"Generator: category","time":"2018-08-15T05:16:25.165Z","v":0}
{"name":"hexo","hostname":"PCW","pid":1652,"level":20,"msg":"Generator: archive","time":"2018-08-15T05:16:25.165Z","v":0}
{"name":"hexo","hostname":"PCW","pid":1652,"level":20,"msg":"Generator: tag","time":"2018-08-15T05:16:25.165Z","v":0}
{"name":"hexo","hostname":"PCW","pid":1652,"level":20,"msg":"Generator: json-content","time":"2018-08-15T05:16:25.165Z","v":0}
{"name":"hexo","hostname":"PCW","pid":1652,"level":20,"msg":"Generator: asset","time":"2018-08-15T05:16:25.165Z","v":0}
{"name":"hexo","hostname":"PCW","pid":1652,"level":30,"msg":"Hexo is running at http://localhost:4000/. Press Ctrl+C to stop.","time":"2018-08-15T05:16:25.171Z","v":0}
{"name":"hexo","hostname":"PCW","pid":1652,"level":20,"msg":"Database saved","time":"2018-08-15T05:16:25.279Z","v":0}
{"name":"hexo","hostname":"PCW","pid":1652,"level":20,"msg":"Rendering index: index.html","time":"2018-08-15T05:16:51.749Z","v":0}
{"name":"hexo","hostname":"PCW","pid":1652,"level":20,"msg":"Rendering post: 2018/08/15/长连接和短连接/index.html","time":"2018-08-15T05:17:29.321Z","v":0}
{"name":"hexo","hostname":"PCW","pid":1652,"level":20,"msg":"Processed: _posts/长连接和短连接.md","time":"2018-08-15T05:42:10.794Z","v":0}
{"name":"hexo","hostname":"PCW","pid":1652,"level":20,"msg":"Generator: page","time":"2018-08-15T05:42:10.985Z","v":0}
{"name":"hexo","hostname":"PCW","pid":1652,"level":20,"msg":"Generator: post","time":"2018-08-15T05:42:10.986Z","v":0}
{"name":"hexo","hostname":"PCW","pid":1652,"level":20,"msg":"Generator: index","time":"2018-08-15T05:42:10.986Z","v":0}
{"name":"hexo","hostname":"PCW","pid":1652,"level":20,"msg":"Generator: category","time":"2018-08-15T05:42:10.986Z","v":0}
{"name":"hexo","hostname":"PCW","pid":1652,"level":20,"msg":"Generator: archive","time":"2018-08-15T05:42:10.986Z","v":0}
{"name":"hexo","hostname":"PCW","pid":1652,"level":20,"msg":"Generator: tag","time":"2018-08-15T05:42:10.986Z","v":0}
{"name":"hexo","hostname":"PCW","pid":1652,"level":20,"msg":"Generator: json-content","time":"2018-08-15T05:42:10.986Z","v":0}
{"name":"hexo","hostname":"PCW","pid":1652,"level":20,"msg":"Generator: asset","time":"2018-08-15T05:42:11.003Z","v":0}
{"name":"hexo","hostname":"PCW","pid":1652,"level":20,"msg":"Rendering post: 2018/08/15/长连接和短连接/index.html","time":"2018-08-15T05:42:16.998Z","v":0}
{"name":"hexo","hostname":"PCW","pid":1652,"level":20,"msg":"Rendering index: index.html","time":"2018-08-15T05:42:22.492Z","v":0}
{"name":"hexo","hostname":"PCW","pid":1652,"level":20,"msg":"Rendering post: 2018/08/15/长连接和短连接/index.html","time":"2018-08-15T05:42:24.279Z","v":0}
